<?xml version="1.0" encoding="UTF-8"?>
<!-- Generated by org.testng.reporters.JUnitReportReporter -->
<testsuite hostname="DESKTOP-TBIUCN6" failures="0" tests="1" name="steps.HotelBooking" time="1.675" errors="0" timestamp="2023-12-02T07:35:53 IST" skipped="0">
  <testcase classname="steps.HotelBooking" name="TC_01_Login" time="1.675"/>
  <system-out/>
</testsuite> <!-- steps.HotelBooking -->
